<?xml version="1.0" encoding="UTF-8"?>
<!-- Generated by org.testng.reporters.JUnitReportReporter -->
<testsuite hostname="cliente-PC" name="NewTest" tests="1" failures="0" timestamp="9 May 2017 21:28:37 GMT" time="0.197" errors="0">
  <testcase name="f" time="0.197" classname="NewTest"/>
</testsuite> <!-- NewTest -->
